android/app/build/intermediates/manifest_merge_blame_file/debug/manifest-merger-blame-debug-report.txt
1<?xml version="1.0" encoding="utf-8"?>
2<manifest xmlns:android="http://schemas.android.com/apk/res/android"
3    package="com.todosapp"
4    android:versionCode="1"
5    android:versionName="1.0" >
6
7    <uses-sdk
8        android:minSdkVersion="21"
9        android:targetSdkVersion="30" />
10
11    <uses-permission android:name="android.permission.SYSTEM_ALERT_WINDOW" />
11-->src/debug/AndroidManifest.xml:5:5-77
11-->src/debug/AndroidManifest.xml:5:22-75
12    <uses-permission android:name="android.permission.INTERNET" />
12-->src/main/AndroidManifest.xml:2:3-64
12-->src/main/AndroidManifest.xml:2:20-62
13    <uses-permission android:name="android.permission.ACCESS_WIFI_STATE" />
13-->[com.facebook.flipper:flipper:0.99.0] AndroidManifest.xml:16:5-76
13-->[com.facebook.flipper:flipper:0.99.0] AndroidManifest.xml:16:22-73
14
15    <application
15-->src/main/AndroidManifest.xml:3:3-18:17
16        android:name="com.todosapp.MainApplication"
16-->src/main/AndroidManifest.xml:3:16-47
17        android:allowBackup="false"
17-->src/main/AndroidManifest.xml:3:162-189
18        android:appComponentFactory="androidx.core.app.CoreComponentFactory"
18-->[androidx.core:core:1.5.0] AndroidManifest.xml:24:18-86
19        android:debuggable="true"
20        android:icon="@mipmap/ic_launcher"
20-->src/main/AndroidManifest.xml:3:81-115
21        android:label="@string/app_name"
21-->src/main/AndroidManifest.xml:3:48-80
22        android:roundIcon="@mipmap/ic_launcher_round"
22-->src/main/AndroidManifest.xml:3:116-161
23        android:theme="@style/AppTheme"
23-->src/main/AndroidManifest.xml:3:190-221
24        android:usesCleartextTraffic="true" >
24-->src/debug/AndroidManifest.xml:8:9-44
25        <activity android:name="com.facebook.react.devsupport.DevSettingsActivity" />
25-->src/debug/AndroidManifest.xml:11:9-86
25-->src/debug/AndroidManifest.xml:11:19-83
26        <activity
26-->src/main/AndroidManifest.xml:4:5-17:16
27            android:name="com.todosapp.MainActivity"
27-->src/main/AndroidManifest.xml:6:5-33
28            android:configChanges="keyboard|keyboardHidden|orientation|screenSize|uiMode"
28-->src/main/AndroidManifest.xml:6:67-144
29            android:exported="true"
29-->src/main/AndroidManifest.xml:5:8-31
30            android:label="@string/app_name"
30-->src/main/AndroidManifest.xml:6:34-66
31            android:launchMode="singleTask"
31-->src/main/AndroidManifest.xml:6:145-176
32            android:windowSoftInputMode="adjustResize" >
32-->src/main/AndroidManifest.xml:6:177-219
33            <intent-filter>
33-->src/main/AndroidManifest.xml:7:7-10:23
34                <action android:name="android.intent.action.MAIN" />
34-->src/main/AndroidManifest.xml:8:9-60
34-->src/main/AndroidManifest.xml:8:17-58
35
36                <category android:name="android.intent.category.LAUNCHER" />
36-->src/main/AndroidManifest.xml:9:9-68
36-->src/main/AndroidManifest.xml:9:19-66
37            </intent-filter>
38            <intent-filter>
38-->src/main/AndroidManifest.xml:11:7-16:23
39                <action android:name="android.intent.action.VIEW" />
39-->src/main/AndroidManifest.xml:12:9-60
39-->src/main/AndroidManifest.xml:12:17-58
40
41                <category android:name="android.intent.category.DEFAULT" />
41-->src/main/AndroidManifest.xml:13:9-67
41-->src/main/AndroidManifest.xml:13:19-65
42                <category android:name="android.intent.category.BROWSABLE" />
42-->src/main/AndroidManifest.xml:14:9-69
42-->src/main/AndroidManifest.xml:14:19-67
43
44                <data android:scheme="mychat" />
44-->src/main/AndroidManifest.xml:15:9-40
44-->src/main/AndroidManifest.xml:15:15-38
45            </intent-filter>
46        </activity>
47    </application>
48
49</manifest>